
*** Running vivado
    with args -log top.vds -m64 -product Vivado -mode batch -messageDb vivado.pb -notrace -source top.tcl



****** Vivado v2020.1 (64-bit)
  **** SW Build 2902540 on Wed May 27 19:54:49 MDT 2020
  **** IP Build 2902112 on Wed May 27 22:43:36 MDT 2020
    ** Copyright 1986-2020 Xilinx, Inc. All Rights Reserved.

source top.tcl -notrace
Command: synth_design -top top -part xc7a50ticsg324-1L
Starting synth_design
Attempting to get a license for feature 'Synthesis' and/or device 'xc7a50ti'
INFO: [Common 17-349] Got license for feature 'Synthesis' and/or device 'xc7a50ti'
INFO: [Device 21-403] Loading part xc7a50ticsg324-1L
INFO: [Synth 8-7079] Multithreading enabled for synth_design using a maximum of 2 processes.
INFO: [Synth 8-7078] Launching helper process for spawning children vivado processes
INFO: [Synth 8-7075] Helper process launched with PID 11292
---------------------------------------------------------------------------------
Starting RTL Elaboration : Time (s): cpu = 00:00:04 ; elapsed = 00:00:04 . Memory (MB): peak = 1020.656 ; gain = 0.000
---------------------------------------------------------------------------------
INFO: [Synth 8-638] synthesizing module 'top' [C:/Users/newDefaultTest/Desktop/Digital_clock1/Digital_clock1.srcs/sources_1/new/top.vhd:50]
INFO: [Synth 8-638] synthesizing module 'clock_enable_1' [C:/Users/newDefaultTest/Desktop/Digital_clock1/Digital_clock1.srcs/sources_1/new/clock_enable_1.vhd:36]
	Parameter g_MAX bound to: 200000 - type: integer 
INFO: [Synth 8-256] done synthesizing module 'clock_enable_1' (1#1) [C:/Users/newDefaultTest/Desktop/Digital_clock1/Digital_clock1.srcs/sources_1/new/clock_enable_1.vhd:36]
INFO: [Synth 8-638] synthesizing module 'cnt_up_down' [C:/Users/newDefaultTest/Desktop/Digital_clock1/Digital_clock1.srcs/sources_1/new/cnt_up_down.vhd:36]
	Parameter g_CNT_WIDTH bound to: 4 - type: integer 
INFO: [Synth 8-256] done synthesizing module 'cnt_up_down' (2#1) [C:/Users/newDefaultTest/Desktop/Digital_clock1/Digital_clock1.srcs/sources_1/new/cnt_up_down.vhd:36]
INFO: [Synth 8-638] synthesizing module 'cnt_up_down_1' [C:/Users/newDefaultTest/Desktop/Digital_clock1/Digital_clock1.srcs/sources_1/new/cnt_up_down_1.vhd:36]
	Parameter g_CNT_WIDTH bound to: 4 - type: integer 
INFO: [Synth 8-256] done synthesizing module 'cnt_up_down_1' (3#1) [C:/Users/newDefaultTest/Desktop/Digital_clock1/Digital_clock1.srcs/sources_1/new/cnt_up_down_1.vhd:36]
INFO: [Synth 8-638] synthesizing module 'cnt_up_down_2' [C:/Users/newDefaultTest/Desktop/Digital_clock1/Digital_clock1.srcs/sources_1/new/cnt_up_down_2.vhd:37]
	Parameter g_CNT_WIDTH bound to: 4 - type: integer 
INFO: [Synth 8-256] done synthesizing module 'cnt_up_down_2' (4#1) [C:/Users/newDefaultTest/Desktop/Digital_clock1/Digital_clock1.srcs/sources_1/new/cnt_up_down_2.vhd:37]
INFO: [Synth 8-638] synthesizing module 'cnt_up_down_3' [C:/Users/newDefaultTest/Desktop/Digital_clock1/Digital_clock1.srcs/sources_1/new/cnt_up_down_3.vhd:38]
	Parameter g_CNT_WIDTH bound to: 4 - type: integer 
INFO: [Synth 8-256] done synthesizing module 'cnt_up_down_3' (5#1) [C:/Users/newDefaultTest/Desktop/Digital_clock1/Digital_clock1.srcs/sources_1/new/cnt_up_down_3.vhd:38]
INFO: [Synth 8-638] synthesizing module 'cnt_up_down_4' [C:/Users/newDefaultTest/Desktop/Digital_clock1/Digital_clock1.srcs/sources_1/new/cnt_up_down_4.vhd:40]
	Parameter g_CNT_WIDTH bound to: 4 - type: integer 
INFO: [Synth 8-256] done synthesizing module 'cnt_up_down_4' (6#1) [C:/Users/newDefaultTest/Desktop/Digital_clock1/Digital_clock1.srcs/sources_1/new/cnt_up_down_4.vhd:40]
INFO: [Synth 8-638] synthesizing module 'cnt_up_down_5' [C:/Users/newDefaultTest/Desktop/Digital_clock1/Digital_clock1.srcs/sources_1/new/cnt_up_down_5.vhd:41]
	Parameter g_CNT_WIDTH bound to: 4 - type: integer 
INFO: [Synth 8-256] done synthesizing module 'cnt_up_down_5' (7#1) [C:/Users/newDefaultTest/Desktop/Digital_clock1/Digital_clock1.srcs/sources_1/new/cnt_up_down_5.vhd:41]
INFO: [Synth 8-638] synthesizing module 'cnt_m' [C:/Users/newDefaultTest/Desktop/Digital_clock1/Digital_clock1.srcs/sources_1/new/cnt_m.vhd:36]
	Parameter g_CNT_WIDTH bound to: 4 - type: integer 
INFO: [Synth 8-256] done synthesizing module 'cnt_m' (8#1) [C:/Users/newDefaultTest/Desktop/Digital_clock1/Digital_clock1.srcs/sources_1/new/cnt_m.vhd:36]
INFO: [Synth 8-638] synthesizing module 'driver_7seg_4digits' [C:/Users/newDefaultTest/Desktop/Digital_clock1/Digital_clock1.srcs/sources_1/new/driver_7seg_4digits.vhd:44]
INFO: [Synth 8-638] synthesizing module 'clock_enable' [C:/Users/newDefaultTest/Desktop/Digital_clock1/Digital_clock1.srcs/sources_1/new/clock_enable.vhd:36]
	Parameter g_MAX bound to: 4000 - type: integer 
INFO: [Synth 8-256] done synthesizing module 'clock_enable' (9#1) [C:/Users/newDefaultTest/Desktop/Digital_clock1/Digital_clock1.srcs/sources_1/new/clock_enable.vhd:36]
INFO: [Synth 8-638] synthesizing module 'cnt_up_down_0' [C:/Users/newDefaultTest/Desktop/Digital_clock1/Digital_clock1.srcs/sources_1/new/cnt_up_down_0.vhd:35]
	Parameter g_CNT_WIDTH bound to: 3 - type: integer 
INFO: [Synth 8-256] done synthesizing module 'cnt_up_down_0' (10#1) [C:/Users/newDefaultTest/Desktop/Digital_clock1/Digital_clock1.srcs/sources_1/new/cnt_up_down_0.vhd:35]
INFO: [Synth 8-638] synthesizing module 'hex_7seg' [C:/Users/newDefaultTest/Desktop/Digital_clock1/Digital_clock1.srcs/sources_1/new/hex_7_seg.vhd:39]
INFO: [Synth 8-256] done synthesizing module 'hex_7seg' (11#1) [C:/Users/newDefaultTest/Desktop/Digital_clock1/Digital_clock1.srcs/sources_1/new/hex_7_seg.vhd:39]
INFO: [Synth 8-256] done synthesizing module 'driver_7seg_4digits' (12#1) [C:/Users/newDefaultTest/Desktop/Digital_clock1/Digital_clock1.srcs/sources_1/new/driver_7seg_4digits.vhd:44]
INFO: [Synth 8-256] done synthesizing module 'top' (13#1) [C:/Users/newDefaultTest/Desktop/Digital_clock1/Digital_clock1.srcs/sources_1/new/top.vhd:50]
---------------------------------------------------------------------------------
Finished RTL Elaboration : Time (s): cpu = 00:00:05 ; elapsed = 00:00:05 . Memory (MB): peak = 1020.656 ; gain = 0.000
---------------------------------------------------------------------------------
---------------------------------------------------------------------------------
Start Handling Custom Attributes
---------------------------------------------------------------------------------
---------------------------------------------------------------------------------
Finished Handling Custom Attributes : Time (s): cpu = 00:00:05 ; elapsed = 00:00:05 . Memory (MB): peak = 1020.656 ; gain = 0.000
---------------------------------------------------------------------------------
---------------------------------------------------------------------------------
Finished RTL Optimization Phase 1 : Time (s): cpu = 00:00:05 ; elapsed = 00:00:05 . Memory (MB): peak = 1020.656 ; gain = 0.000
---------------------------------------------------------------------------------
Netlist sorting complete. Time (s): cpu = 00:00:00 ; elapsed = 00:00:00.003 . Memory (MB): peak = 1020.656 ; gain = 0.000
INFO: [Project 1-570] Preparing netlist for logic optimization

Processing XDC Constraints
Initializing timing engine
Parsing XDC File [C:/Users/newDefaultTest/Desktop/Digital_clock1/Digital_clock1.srcs/constrs_1/new/nexys-a7-50t.xdc]
WARNING: [Vivado 12-584] No ports matched 'LED[0]'. [C:/Users/newDefaultTest/Desktop/Digital_clock1/Digital_clock1.srcs/constrs_1/new/nexys-a7-50t.xdc:30]
CRITICAL WARNING: [Common 17-55] 'set_property' expects at least one object. [C:/Users/newDefaultTest/Desktop/Digital_clock1/Digital_clock1.srcs/constrs_1/new/nexys-a7-50t.xdc:30]
Resolution: If [get_<value>] was used to populate the object, check to make sure this command returns at least one valid object.
WARNING: [Vivado 12-584] No ports matched 'LED[1]'. [C:/Users/newDefaultTest/Desktop/Digital_clock1/Digital_clock1.srcs/constrs_1/new/nexys-a7-50t.xdc:31]
CRITICAL WARNING: [Common 17-55] 'set_property' expects at least one object. [C:/Users/newDefaultTest/Desktop/Digital_clock1/Digital_clock1.srcs/constrs_1/new/nexys-a7-50t.xdc:31]
Resolution: If [get_<value>] was used to populate the object, check to make sure this command returns at least one valid object.
WARNING: [Vivado 12-584] No ports matched 'LED[2]'. [C:/Users/newDefaultTest/Desktop/Digital_clock1/Digital_clock1.srcs/constrs_1/new/nexys-a7-50t.xdc:32]
CRITICAL WARNING: [Common 17-55] 'set_property' expects at least one object. [C:/Users/newDefaultTest/Desktop/Digital_clock1/Digital_clock1.srcs/constrs_1/new/nexys-a7-50t.xdc:32]
Resolution: If [get_<value>] was used to populate the object, check to make sure this command returns at least one valid object.
WARNING: [Vivado 12-584] No ports matched 'LED[3]'. [C:/Users/newDefaultTest/Desktop/Digital_clock1/Digital_clock1.srcs/constrs_1/new/nexys-a7-50t.xdc:33]
CRITICAL WARNING: [Common 17-55] 'set_property' expects at least one object. [C:/Users/newDefaultTest/Desktop/Digital_clock1/Digital_clock1.srcs/constrs_1/new/nexys-a7-50t.xdc:33]
Resolution: If [get_<value>] was used to populate the object, check to make sure this command returns at least one valid object.
Finished Parsing XDC File [C:/Users/newDefaultTest/Desktop/Digital_clock1/Digital_clock1.srcs/constrs_1/new/nexys-a7-50t.xdc]
INFO: [Project 1-236] Implementation specific constraints were found while reading constraint file [C:/Users/newDefaultTest/Desktop/Digital_clock1/Digital_clock1.srcs/constrs_1/new/nexys-a7-50t.xdc]. These constraints will be ignored for synthesis but will be used in implementation. Impacted constraints are listed in the file [.Xil/top_propImpl.xdc].
Resolution: To avoid this warning, move constraints listed in [.Xil/top_propImpl.xdc] to another XDC file and exclude this new file from synthesis with the used_in_synthesis property (File Properties dialog in GUI) and re-run elaboration/synthesis.
Completed Processing XDC Constraints

Netlist sorting complete. Time (s): cpu = 00:00:00 ; elapsed = 00:00:00 . Memory (MB): peak = 1020.656 ; gain = 0.000
INFO: [Project 1-111] Unisim Transformation Summary:
No Unisim elements were transformed.

Constraint Validation Runtime : Time (s): cpu = 00:00:00 ; elapsed = 00:00:00.003 . Memory (MB): peak = 1020.656 ; gain = 0.000
---------------------------------------------------------------------------------
Finished Constraint Validation : Time (s): cpu = 00:00:10 ; elapsed = 00:00:11 . Memory (MB): peak = 1020.656 ; gain = 0.000
---------------------------------------------------------------------------------
---------------------------------------------------------------------------------
Start Loading Part and Timing Information
---------------------------------------------------------------------------------
Loading part: xc7a50ticsg324-1L
---------------------------------------------------------------------------------
Finished Loading Part and Timing Information : Time (s): cpu = 00:00:10 ; elapsed = 00:00:11 . Memory (MB): peak = 1020.656 ; gain = 0.000
---------------------------------------------------------------------------------
---------------------------------------------------------------------------------
Start Applying 'set_property' XDC Constraints
---------------------------------------------------------------------------------
---------------------------------------------------------------------------------
Finished applying 'set_property' XDC Constraints : Time (s): cpu = 00:00:10 ; elapsed = 00:00:11 . Memory (MB): peak = 1020.656 ; gain = 0.000
---------------------------------------------------------------------------------
---------------------------------------------------------------------------------
Finished RTL Optimization Phase 2 : Time (s): cpu = 00:00:11 ; elapsed = 00:00:11 . Memory (MB): peak = 1020.656 ; gain = 0.000
---------------------------------------------------------------------------------
---------------------------------------------------------------------------------
Start RTL Component Statistics 
---------------------------------------------------------------------------------
Detailed RTL Component Info : 
+---Adders : 
	   2 Input    4 Bit       Adders := 7     
	   2 Input    3 Bit       Adders := 1     
+---Registers : 
	                6 Bit    Registers := 1     
	                4 Bit    Registers := 8     
	                3 Bit    Registers := 1     
	                1 Bit    Registers := 9     
+---Muxes : 
	   6 Input    6 Bit        Muxes := 1     
	   2 Input    4 Bit        Muxes := 3     
	   2 Input    3 Bit        Muxes := 1     
	   2 Input    1 Bit        Muxes := 10    
	   3 Input    1 Bit        Muxes := 1     
---------------------------------------------------------------------------------
Finished RTL Component Statistics 
---------------------------------------------------------------------------------
---------------------------------------------------------------------------------
Start Part Resource Summary
---------------------------------------------------------------------------------
Part Resources:
DSPs: 120 (col length:60)
BRAMs: 150 (col length: RAMB18 60 RAMB36 30)
---------------------------------------------------------------------------------
Finished Part Resource Summary
---------------------------------------------------------------------------------
---------------------------------------------------------------------------------
Start Cross Boundary and Area Optimization
---------------------------------------------------------------------------------
---------------------------------------------------------------------------------
Finished Cross Boundary and Area Optimization : Time (s): cpu = 00:00:12 ; elapsed = 00:00:13 . Memory (MB): peak = 1020.656 ; gain = 0.000
---------------------------------------------------------------------------------
---------------------------------------------------------------------------------
Start Applying XDC Timing Constraints
---------------------------------------------------------------------------------
---------------------------------------------------------------------------------
Finished Applying XDC Timing Constraints : Time (s): cpu = 00:00:18 ; elapsed = 00:00:20 . Memory (MB): peak = 1020.656 ; gain = 0.000
---------------------------------------------------------------------------------
---------------------------------------------------------------------------------
Start Timing Optimization
---------------------------------------------------------------------------------
---------------------------------------------------------------------------------
Finished Timing Optimization : Time (s): cpu = 00:00:19 ; elapsed = 00:00:20 . Memory (MB): peak = 1020.656 ; gain = 0.000
---------------------------------------------------------------------------------
---------------------------------------------------------------------------------
Start Technology Mapping
---------------------------------------------------------------------------------
---------------------------------------------------------------------------------
Finished Technology Mapping : Time (s): cpu = 00:00:19 ; elapsed = 00:00:20 . Memory (MB): peak = 1020.656 ; gain = 0.000
---------------------------------------------------------------------------------
---------------------------------------------------------------------------------
Start IO Insertion
---------------------------------------------------------------------------------
---------------------------------------------------------------------------------
Start Flattening Before IO Insertion
---------------------------------------------------------------------------------
---------------------------------------------------------------------------------
Finished Flattening Before IO Insertion
---------------------------------------------------------------------------------
---------------------------------------------------------------------------------
Start Final Netlist Cleanup
---------------------------------------------------------------------------------
---------------------------------------------------------------------------------
Finished Final Netlist Cleanup
---------------------------------------------------------------------------------
---------------------------------------------------------------------------------
Finished IO Insertion : Time (s): cpu = 00:00:22 ; elapsed = 00:00:24 . Memory (MB): peak = 1023.281 ; gain = 2.625
---------------------------------------------------------------------------------
---------------------------------------------------------------------------------
Start Renaming Generated Instances
---------------------------------------------------------------------------------
---------------------------------------------------------------------------------
Finished Renaming Generated Instances : Time (s): cpu = 00:00:22 ; elapsed = 00:00:24 . Memory (MB): peak = 1023.281 ; gain = 2.625
---------------------------------------------------------------------------------
---------------------------------------------------------------------------------
Start Rebuilding User Hierarchy
---------------------------------------------------------------------------------
---------------------------------------------------------------------------------
Finished Rebuilding User Hierarchy : Time (s): cpu = 00:00:22 ; elapsed = 00:00:24 . Memory (MB): peak = 1023.281 ; gain = 2.625
---------------------------------------------------------------------------------
---------------------------------------------------------------------------------
Start Renaming Generated Ports
---------------------------------------------------------------------------------
---------------------------------------------------------------------------------
Finished Renaming Generated Ports : Time (s): cpu = 00:00:22 ; elapsed = 00:00:24 . Memory (MB): peak = 1023.281 ; gain = 2.625
---------------------------------------------------------------------------------
---------------------------------------------------------------------------------
Start Handling Custom Attributes
---------------------------------------------------------------------------------
---------------------------------------------------------------------------------
Finished Handling Custom Attributes : Time (s): cpu = 00:00:22 ; elapsed = 00:00:24 . Memory (MB): peak = 1023.281 ; gain = 2.625
---------------------------------------------------------------------------------
---------------------------------------------------------------------------------
Start Renaming Generated Nets
---------------------------------------------------------------------------------
---------------------------------------------------------------------------------
Finished Renaming Generated Nets : Time (s): cpu = 00:00:22 ; elapsed = 00:00:24 . Memory (MB): peak = 1023.281 ; gain = 2.625
---------------------------------------------------------------------------------
---------------------------------------------------------------------------------
Start Writing Synthesis Report
---------------------------------------------------------------------------------

Report BlackBoxes: 
+-+--------------+----------+
| |BlackBox name |Instances |
+-+--------------+----------+
+-+--------------+----------+

Report Cell Usage: 
+------+-------+------+
|      |Cell   |Count |
+------+-------+------+
|1     |BUFG   |     1|
|2     |CARRY4 |    16|
|3     |LUT1   |     8|
|4     |LUT2   |    15|
|5     |LUT3   |    18|
|6     |LUT4   |    25|
|7     |LUT5   |    14|
|8     |LUT6   |    25|
|9     |FDRE   |   102|
|10    |FDSE   |     5|
|11    |IBUF   |     3|
|12    |OBUF   |    16|
+------+-------+------+
---------------------------------------------------------------------------------
Finished Writing Synthesis Report : Time (s): cpu = 00:00:22 ; elapsed = 00:00:24 . Memory (MB): peak = 1023.281 ; gain = 2.625
---------------------------------------------------------------------------------
Synthesis finished with 0 errors, 0 critical warnings and 0 warnings.
Synthesis Optimization Runtime : Time (s): cpu = 00:00:15 ; elapsed = 00:00:23 . Memory (MB): peak = 1023.281 ; gain = 2.625
Synthesis Optimization Complete : Time (s): cpu = 00:00:22 ; elapsed = 00:00:24 . Memory (MB): peak = 1023.281 ; gain = 2.625
INFO: [Project 1-571] Translating synthesized netlist
Netlist sorting complete. Time (s): cpu = 00:00:00 ; elapsed = 00:00:00.003 . Memory (MB): peak = 1023.281 ; gain = 0.000
INFO: [Netlist 29-17] Analyzing 16 Unisim elements for replacement
INFO: [Netlist 29-28] Unisim Transformation completed in 0 CPU seconds
INFO: [Project 1-570] Preparing netlist for logic optimization
INFO: [Opt 31-138] Pushed 0 inverter(s) to 0 load pin(s).
Netlist sorting complete. Time (s): cpu = 00:00:00 ; elapsed = 00:00:00 . Memory (MB): peak = 1032.898 ; gain = 0.000
INFO: [Project 1-111] Unisim Transformation Summary:
No Unisim elements were transformed.

INFO: [Common 17-83] Releasing license: Synthesis
41 Infos, 4 Warnings, 4 Critical Warnings and 0 Errors encountered.
synth_design completed successfully
synth_design: Time (s): cpu = 00:00:27 ; elapsed = 00:00:30 . Memory (MB): peak = 1032.898 ; gain = 12.242
INFO: [Common 17-1381] The checkpoint 'C:/Users/newDefaultTest/Desktop/Digital_clock1/Digital_clock1.runs/synth_1/top.dcp' has been generated.
INFO: [runtcl-4] Executing : report_utilization -file top_utilization_synth.rpt -pb top_utilization_synth.pb
INFO: [Common 17-206] Exiting Vivado at Thu Apr 28 16:55:09 2022...
